{
  "stats": {
    "suites": 1,
    "tests": 19,
    "passes": 14,
    "pending": 0,
    "failures": 5,
    "start": "2026-04-05T01:40:56.109Z",
    "end": "2026-04-05T01:44:09.442Z",
    "duration": 193333,
    "testsRegistered": 19,
    "passPercent": 73.68421052631578,
    "pendingPercent": 0,
    "other": 0,
    "hasOther": false,
    "skipped": 0,
    "hasSkipped": false
  },
  "results": [
    {
      "uuid": "a0f317f9-680e-43a4-a329-ceca4b03c552",
      "title": "",
      "fullFile": "cypress\\e2e\\TestCasesOrangeHRM\\home.cy.js",
      "file": "cypress\\e2e\\TestCasesOrangeHRM\\home.cy.js",
      "beforeHooks": [],
      "afterHooks": [],
      "tests": [],
      "suites": [
        {
          "uuid": "9d5e9dce-ac5d-49c5-a857-1e52e6822f9a",
          "title": "Automation for the OrangeHRM for APEX System",
          "fullFile": "",
          "file": "",
          "beforeHooks": [],
          "afterHooks": [],
          "tests": [
            {
              "title": "TC001 - Test login with valid user",
              "fullTitle": "Automation for the OrangeHRM for APEX System TC001 - Test login with valid user",
              "timedOut": null,
              "duration": 6618,
              "state": "passed",
              "speed": "medium",
              "pass": true,
              "fail": false,
              "pending": false,
              "context": null,
              "code": "_loginPage.default.visit();\n_loginPage.default.LoginSuccess();\n_homePage.default.ValidateHomePage();",
              "err": {},
              "uuid": "55cdaeeb-0cb6-4b88-b2af-496042980090",
              "parentUUID": "9d5e9dce-ac5d-49c5-a857-1e52e6822f9a",
              "isHook": false,
              "skipped": false
            },
            {
              "title": "TC002 - Test login with incorrect password",
              "fullTitle": "Automation for the OrangeHRM for APEX System TC002 - Test login with incorrect password",
              "timedOut": null,
              "duration": 4527,
              "state": "passed",
              "speed": "fast",
              "pass": true,
              "fail": false,
              "pending": false,
              "context": null,
              "code": "_loginPage.default.visit();\n_loginPage.default.LoginPasswordIncorrect();",
              "err": {},
              "uuid": "ba4e29af-0ffa-4d8d-91d9-6805e7bf5a1c",
              "parentUUID": "9d5e9dce-ac5d-49c5-a857-1e52e6822f9a",
              "isHook": false,
              "skipped": false
            },
            {
              "title": "TC003 - User attempts to log in with an unregistered account",
              "fullTitle": "Automation for the OrangeHRM for APEX System TC003 - User attempts to log in with an unregistered account",
              "timedOut": null,
              "duration": 3973,
              "state": "passed",
              "speed": "fast",
              "pass": true,
              "fail": false,
              "pending": false,
              "context": null,
              "code": "_loginPage.default.visit();\n_loginPage.default.LoginUnregisteredAccount();",
              "err": {},
              "uuid": "61ed6379-5b17-436f-8ef3-0e56d31191ec",
              "parentUUID": "9d5e9dce-ac5d-49c5-a857-1e52e6822f9a",
              "isHook": false,
              "skipped": false
            },
            {
              "title": "TC004 - Verify the password recovery functionality",
              "fullTitle": "Automation for the OrangeHRM for APEX System TC004 - Verify the password recovery functionality",
              "timedOut": null,
              "duration": 4821,
              "state": "passed",
              "speed": "fast",
              "pass": true,
              "fail": false,
              "pending": false,
              "context": null,
              "code": "_loginPage.default.visit();\n_loginPage.default.ForgotPassword();\n_requestPasswordPage.default.ResetPasswordRequest();",
              "err": {},
              "uuid": "ed5edb12-a545-4400-9266-1ed4d1e09924",
              "parentUUID": "9d5e9dce-ac5d-49c5-a857-1e52e6822f9a",
              "isHook": false,
              "skipped": false
            },
            {
              "title": "TC005 - Search employee by full name",
              "fullTitle": "Automation for the OrangeHRM for APEX System TC005 - Search employee by full name",
              "timedOut": null,
              "duration": 11329,
              "state": "failed",
              "speed": null,
              "pass": false,
              "fail": true,
              "pending": false,
              "context": null,
              "code": "_loginPage.default.visit();\n_loginPage.default.LoginSuccess();\n_homePage.default.SelectDirectoryMenu();\n_directoryPage.default.FullName();",
              "err": {
                "message": "AssertionError: Timed out retrying after 4000ms: expected '<span.oxd-text.oxd-text--span>' to contain '(1) Record Found'",
                "estack": "AssertionError: Timed out retrying after 4000ms: expected '<span.oxd-text.oxd-text--span>' to contain '(1) Record Found'\n    at DirectoryPage.FullName (webpack://orangehrm/./cypress/pages/directoryPage.js:9:60)\n    at Context.eval (webpack://orangehrm/./cypress/e2e/TestCasesOrangeHRM/home.cy.js:38:18)",
                "diff": null
              },
              "uuid": "0c35a4ea-9cee-447d-8931-1b68c899ef0a",
              "parentUUID": "9d5e9dce-ac5d-49c5-a857-1e52e6822f9a",
              "isHook": false,
              "skipped": false
            },
            {
              "title": "TC006 - Search employee by partial name",
              "fullTitle": "Automation for the OrangeHRM for APEX System TC006 - Search employee by partial name",
              "timedOut": null,
              "duration": 10151,
              "state": "failed",
              "speed": null,
              "pass": false,
              "fail": true,
              "pending": false,
              "context": null,
              "code": "_loginPage.default.visit();\n_loginPage.default.LoginSuccess();\n_homePage.default.SelectDirectoryMenu();\n_directoryPage.default.PartialName();",
              "err": {
                "message": "AssertionError: Timed out retrying after 4000ms: expected '<span.oxd-text.oxd-text--span>' to contain '(1) Record Found'",
                "estack": "AssertionError: Timed out retrying after 4000ms: expected '<span.oxd-text.oxd-text--span>' to contain '(1) Record Found'\n    at DirectoryPage.PartialName (webpack://orangehrm/./cypress/pages/directoryPage.js:18:60)\n    at Context.eval (webpack://orangehrm/./cypress/e2e/TestCasesOrangeHRM/home.cy.js:45:18)",
                "diff": null
              },
              "uuid": "41f47a45-dcbe-4765-ba93-aad3a02503c4",
              "parentUUID": "9d5e9dce-ac5d-49c5-a857-1e52e6822f9a",
              "isHook": false,
              "skipped": false
            },
            {
              "title": "TC007 - Search by Job Title",
              "fullTitle": "Automation for the OrangeHRM for APEX System TC007 - Search by Job Title",
              "timedOut": null,
              "duration": 10498,
              "state": "failed",
              "speed": null,
              "pass": false,
              "fail": true,
              "pending": false,
              "context": null,
              "code": "_loginPage.default.visit();\n_loginPage.default.LoginSuccess();\n_homePage.default.SelectDirectoryMenu();\n_directoryPage.default.JobTittle();",
              "err": {
                "message": "AssertionError: Timed out retrying after 4000ms: Expected to find content: 'Peter Mac Anderson' but never did.",
                "estack": "AssertionError: Timed out retrying after 4000ms: Expected to find content: 'Peter Mac Anderson' but never did.\n    at DirectoryPage.JobTittle (webpack://orangehrm/./cypress/pages/directoryPage.js:26:42)\n    at Context.eval (webpack://orangehrm/./cypress/e2e/TestCasesOrangeHRM/home.cy.js:53:18)",
                "diff": null
              },
              "uuid": "9df35a8f-6f13-4c42-9267-0e983b25a3ed",
              "parentUUID": "9d5e9dce-ac5d-49c5-a857-1e52e6822f9a",
              "isHook": false,
              "skipped": false
            },
            {
              "title": "TC008 - Search by Location",
              "fullTitle": "Automation for the OrangeHRM for APEX System TC008 - Search by Location",
              "timedOut": null,
              "duration": 10833,
              "state": "failed",
              "speed": null,
              "pass": false,
              "fail": true,
              "pending": false,
              "context": null,
              "code": "_loginPage.default.visit();\n_loginPage.default.LoginSuccess();\n_homePage.default.SelectDirectoryMenu();\n_directoryPage.default.Location();",
              "err": {
                "message": "AssertionError: Timed out retrying after 4000ms: expected '<span.oxd-text.oxd-text--span>' to contain '(2) Records Found'",
                "estack": "AssertionError: Timed out retrying after 4000ms: expected '<span.oxd-text.oxd-text--span>' to contain '(2) Records Found'\n    at DirectoryPage.Location (webpack://orangehrm/./cypress/pages/directoryPage.js:33:60)\n    at Context.eval (webpack://orangehrm/./cypress/e2e/TestCasesOrangeHRM/home.cy.js:61:18)",
                "diff": null
              },
              "uuid": "61034c4e-e85a-4256-b869-89fc8c4f8c2c",
              "parentUUID": "9d5e9dce-ac5d-49c5-a857-1e52e6822f9a",
              "isHook": false,
              "skipped": false
            },
            {
              "title": "TC009 - Search using multiple filters",
              "fullTitle": "Automation for the OrangeHRM for APEX System TC009 - Search using multiple filters",
              "timedOut": null,
              "duration": 11473,
              "state": "failed",
              "speed": null,
              "pass": false,
              "fail": true,
              "pending": false,
              "context": null,
              "code": "_loginPage.default.visit();\n_loginPage.default.LoginSuccess();\n_homePage.default.SelectDirectoryMenu();\n_directoryPage.default.MultipleFilters();",
              "err": {
                "message": "AssertionError: Timed out retrying after 4000ms: expected '<span.oxd-text.oxd-text--span>' to contain '(1) Record Found'",
                "estack": "AssertionError: Timed out retrying after 4000ms: expected '<span.oxd-text.oxd-text--span>' to contain '(1) Record Found'\n    at DirectoryPage.MultipleFilters (webpack://orangehrm/./cypress/pages/directoryPage.js:45:60)\n    at Context.eval (webpack://orangehrm/./cypress/e2e/TestCasesOrangeHRM/home.cy.js:69:18)",
                "diff": null
              },
              "uuid": "f54713b7-6a74-401e-b224-2aecc71f031f",
              "parentUUID": "9d5e9dce-ac5d-49c5-a857-1e52e6822f9a",
              "isHook": false,
              "skipped": false
            },
            {
              "title": "TC010 - Validate the Reset button",
              "fullTitle": "Automation for the OrangeHRM for APEX System TC010 - Validate the Reset button",
              "timedOut": null,
              "duration": 7410,
              "state": "passed",
              "speed": "medium",
              "pass": true,
              "fail": false,
              "pending": false,
              "context": null,
              "code": "_loginPage.default.visit();\n_loginPage.default.LoginSuccess();\n_homePage.default.SelectDirectoryMenu();\n_directoryPage.default.ResetButton();",
              "err": {},
              "uuid": "e73b7008-a6d6-4c06-9796-0f129d2aec59",
              "parentUUID": "9d5e9dce-ac5d-49c5-a857-1e52e6822f9a",
              "isHook": false,
              "skipped": false
            },
            {
              "title": "TC011 - Validate the Dropdown arrow",
              "fullTitle": "Automation for the OrangeHRM for APEX System TC011 - Validate the Dropdown arrow",
              "timedOut": null,
              "duration": 6243,
              "state": "passed",
              "speed": "medium",
              "pass": true,
              "fail": false,
              "pending": false,
              "context": null,
              "code": "_loginPage.default.visit();\n_loginPage.default.LoginSuccess();\n_homePage.default.SelectDirectoryMenu();\n_directoryPage.default.DropdownArrow();",
              "err": {},
              "uuid": "ec9b493b-be69-48ca-aff7-af6223aaafd7",
              "parentUUID": "9d5e9dce-ac5d-49c5-a857-1e52e6822f9a",
              "isHook": false,
              "skipped": false
            },
            {
              "title": "TC012 - Create a Medical reimbursement claim",
              "fullTitle": "Automation for the OrangeHRM for APEX System TC012 - Create a Medical reimbursement claim",
              "timedOut": null,
              "duration": 12046,
              "state": "passed",
              "speed": "slow",
              "pass": true,
              "fail": false,
              "pending": false,
              "context": null,
              "code": "_loginPage.default.visit();\n_loginPage.default.LoginSuccess();\n_homePage.default.SelectClaimMenu();\n_submitClaimPage.default.GoSubmitClaim();\n_submitClaimPage.default.MedicalReinbursmentClaim();\n_myClaimPage.default.GoMyClaim();\n_myClaimPage.default.ValidateMedicalReimbursementClaim();",
              "err": {},
              "uuid": "d9d54f62-e6f1-4635-be4a-69c93da4d0c8",
              "parentUUID": "9d5e9dce-ac5d-49c5-a857-1e52e6822f9a",
              "isHook": false,
              "skipped": false
            },
            {
              "title": "TC013 - Create an Accommodation claim",
              "fullTitle": "Automation for the OrangeHRM for APEX System TC013 - Create an Accommodation claim",
              "timedOut": null,
              "duration": 11151,
              "state": "passed",
              "speed": "slow",
              "pass": true,
              "fail": false,
              "pending": false,
              "context": null,
              "code": "_loginPage.default.visit();\n_loginPage.default.LoginSuccess();\n_homePage.default.SelectClaimMenu();\n_submitClaimPage.default.GoSubmitClaim();\n_submitClaimPage.default.AccommodationClaim();\n_myClaimPage.default.GoMyClaim();\n_myClaimPage.default.ValidateAccommodationClaim();",
              "err": {},
              "uuid": "382f0545-d389-4618-8028-b0526783dea9",
              "parentUUID": "9d5e9dce-ac5d-49c5-a857-1e52e6822f9a",
              "isHook": false,
              "skipped": false
            },
            {
              "title": "TC014 - Travel Allowance",
              "fullTitle": "Automation for the OrangeHRM for APEX System TC014 - Travel Allowance",
              "timedOut": null,
              "duration": 10683,
              "state": "passed",
              "speed": "slow",
              "pass": true,
              "fail": false,
              "pending": false,
              "context": null,
              "code": "_loginPage.default.visit();\n_loginPage.default.LoginSuccess();\n_homePage.default.SelectClaimMenu();\n_submitClaimPage.default.GoSubmitClaim();\n_submitClaimPage.default.TravelAllowanceClaim();\n_myClaimPage.default.GoMyClaim();\n_myClaimPage.default.ValidateTravelAllowanceClaim();",
              "err": {},
              "uuid": "1ee78a5c-c825-456d-a0b3-e93873e1410f",
              "parentUUID": "9d5e9dce-ac5d-49c5-a857-1e52e6822f9a",
              "isHook": false,
              "skipped": false
            },
            {
              "title": "TC015 - Submit claim with empty fields",
              "fullTitle": "Automation for the OrangeHRM for APEX System TC015 - Submit claim with empty fields",
              "timedOut": null,
              "duration": 8387,
              "state": "passed",
              "speed": "medium",
              "pass": true,
              "fail": false,
              "pending": false,
              "context": null,
              "code": "_loginPage.default.visit();\n_loginPage.default.LoginSuccess();\n_homePage.default.SelectClaimMenu();\n_submitClaimPage.default.GoSubmitClaim();\n_submitClaimPage.default.EmptyFieldsClaim();\n_myClaimPage.default.GoMyClaim();\n_myClaimPage.default.ValidateEmptyFieldsClaim();",
              "err": {},
              "uuid": "3cce9644-3ff7-4f01-99b9-06efb638ad69",
              "parentUUID": "9d5e9dce-ac5d-49c5-a857-1e52e6822f9a",
              "isHook": false,
              "skipped": false
            },
            {
              "title": "TC016 - Verify confirmation message",
              "fullTitle": "Automation for the OrangeHRM for APEX System TC016 - Verify confirmation message",
              "timedOut": null,
              "duration": 9319,
              "state": "passed",
              "speed": "medium",
              "pass": true,
              "fail": false,
              "pending": false,
              "context": null,
              "code": "_loginPage.default.visit();\n_loginPage.default.LoginSuccess();\n_homePage.default.SelectClaimMenu();\n_submitClaimPage.default.GoSubmitClaim();\n_submitClaimPage.default.ValidateSuccessMessage();",
              "err": {},
              "uuid": "69925999-7da7-430d-bb1a-d39039c8ec09",
              "parentUUID": "9d5e9dce-ac5d-49c5-a857-1e52e6822f9a",
              "isHook": false,
              "skipped": false
            },
            {
              "title": "TC017 - Complete full claim submission flow",
              "fullTitle": "Automation for the OrangeHRM for APEX System TC017 - Complete full claim submission flow",
              "timedOut": null,
              "duration": 15507,
              "state": "passed",
              "speed": "slow",
              "pass": true,
              "fail": false,
              "pending": false,
              "context": null,
              "code": "_loginPage.default.visit();\n_loginPage.default.LoginSuccess();\n_homePage.default.SelectClaimMenu();\n_submitClaimPage.default.GoSubmitClaim();\n_submitClaimPage.default.SubmitClaim();\n_myClaimPage.default.GoMyClaim();\n_myClaimPage.default.ValidateSubmitedClaim();",
              "err": {},
              "uuid": "3adecc26-50b9-4c0d-894d-307ec9fa0f29",
              "parentUUID": "9d5e9dce-ac5d-49c5-a857-1e52e6822f9a",
              "isHook": false,
              "skipped": false
            },
            {
              "title": "TC018 - Validate the cancel button on the Submit claim page",
              "fullTitle": "Automation for the OrangeHRM for APEX System TC018 - Validate the cancel button on the Submit claim page",
              "timedOut": null,
              "duration": 10643,
              "state": "passed",
              "speed": "slow",
              "pass": true,
              "fail": false,
              "pending": false,
              "context": null,
              "code": "_loginPage.default.visit();\n_loginPage.default.LoginSuccess();\n_homePage.default.SelectClaimMenu();\n_submitClaimPage.default.GoSubmitClaim();\n_submitClaimPage.default.CancelClaim();\n_myClaimPage.default.GoMyClaim();\n_myClaimPage.default.ValidateCancelClaim();",
              "err": {},
              "uuid": "89467400-4296-42c5-a06e-af2926b992d1",
              "parentUUID": "9d5e9dce-ac5d-49c5-a857-1e52e6822f9a",
              "isHook": false,
              "skipped": false
            },
            {
              "title": "TC019 - APEX recommended automation exercise",
              "fullTitle": "Automation for the OrangeHRM for APEX System TC019 - APEX recommended automation exercise",
              "timedOut": null,
              "duration": 26187,
              "state": "passed",
              "speed": "slow",
              "pass": true,
              "fail": false,
              "pending": false,
              "context": null,
              "code": "_loginPage.default.visit();\n_loginPage.default.LoginSuccess();\n_homePage.default.SelectClaimMenu();\n_submitClaimPage.default.GoSubmitClaim();\n_submitClaimPage.default.CreateClaimRequest();\n_submitClaimPage.default.AddExpenseOne();\n_submitClaimPage.default.AddExpenseTwo();\n_submitClaimPage.default.ValidateTheExpenses();\n_submitClaimPage.default.ClaimSubmitingProcess();\n_employeeClaimPage.default.GoEmployeeClaims();\n_employeeClaimPage.default.ValidateEmployeeClaim();",
              "err": {},
              "uuid": "79e014fe-18ea-4a0f-83ff-9ce2d20bbc7c",
              "parentUUID": "9d5e9dce-ac5d-49c5-a857-1e52e6822f9a",
              "isHook": false,
              "skipped": false
            }
          ],
          "suites": [],
          "passes": [
            "55cdaeeb-0cb6-4b88-b2af-496042980090",
            "ba4e29af-0ffa-4d8d-91d9-6805e7bf5a1c",
            "61ed6379-5b17-436f-8ef3-0e56d31191ec",
            "ed5edb12-a545-4400-9266-1ed4d1e09924",
            "e73b7008-a6d6-4c06-9796-0f129d2aec59",
            "ec9b493b-be69-48ca-aff7-af6223aaafd7",
            "d9d54f62-e6f1-4635-be4a-69c93da4d0c8",
            "382f0545-d389-4618-8028-b0526783dea9",
            "1ee78a5c-c825-456d-a0b3-e93873e1410f",
            "3cce9644-3ff7-4f01-99b9-06efb638ad69",
            "69925999-7da7-430d-bb1a-d39039c8ec09",
            "3adecc26-50b9-4c0d-894d-307ec9fa0f29",
            "89467400-4296-42c5-a06e-af2926b992d1",
            "79e014fe-18ea-4a0f-83ff-9ce2d20bbc7c"
          ],
          "failures": [
            "0c35a4ea-9cee-447d-8931-1b68c899ef0a",
            "41f47a45-dcbe-4765-ba93-aad3a02503c4",
            "9df35a8f-6f13-4c42-9267-0e983b25a3ed",
            "61034c4e-e85a-4256-b869-89fc8c4f8c2c",
            "f54713b7-6a74-401e-b224-2aecc71f031f"
          ],
          "pending": [],
          "skipped": [],
          "duration": 191799,
          "root": false,
          "rootEmpty": false,
          "_timeout": 2000
        }
      ],
      "passes": [],
      "failures": [],
      "pending": [],
      "skipped": [],
      "duration": 0,
      "root": true,
      "rootEmpty": true,
      "_timeout": 2000
    }
  ],
  "meta": {
    "mocha": {
      "version": "7.2.0"
    },
    "mochawesome": {
      "options": {
        "quiet": false,
        "reportFilename": "mochawesome",
        "saveHtml": true,
        "saveJson": true,
        "consoleReporter": "spec",
        "useInlineDiffs": false,
        "code": true
      },
      "version": "7.1.4"
    },
    "marge": {
      "options": {
        "reportDir": "cypress/reports",
        "overwrite": false,
        "html": true,
        "json": true
      },
      "version": "6.3.2"
    }
  }
}